<?xml version="1.0" encoding="UTF-8"?>
<!-- Generated by org.testng.reporters.JUnitXMLReporter -->
<testsuite ignored="0" hostname="MACMD770" failures="1" tests="2" name="Default test" time="99.561" errors="0" timestamp="2025-02-07T11:32:18 IST">
  <testcase classname="io.cucumber.testng.AbstractTestNGCucumberTests" name="runScenario" time="78.831"/>
  <testcase classname="io.cucumber.testng.AbstractTestNGCucumberTests" name="runScenario" time="17.67">
    <failure type="org.openqa.selenium.ElementClickInterceptedException" message="element click intercepted: Element &amp;lt;button _ngcontent-erw-c2=&amp;quot;&amp;quot; class=&amp;quot;btn btn-primary mt-3 loginCustomLoginBtnNew&amp;quot; type=&amp;quot;submit&amp;quot;&amp;gt;...&amp;lt;/button&amp;gt; is not clickable at point (1239, 470). Other element would receive the click: &amp;lt;div _ngcontent-erw-c1=&amp;quot;&amp;quot; class=&amp;quot;ngx-overlay foreground-closing&amp;quot; style=&amp;quot;background-color: rgba(40, 40, 40, 0.8); border-radius: 0px;&amp;quot;&amp;gt;...&amp;lt;/div&amp;gt;
  (Session info: chrome=132.0.6834.110)
Build info: version: &amp;apos;4.25.0&amp;apos;, revision: &amp;apos;8a8aea2337&amp;apos;
System info: os.name: &amp;apos;Windows 11&amp;apos;, os.arch: &amp;apos;amd64&amp;apos;, os.version: &amp;apos;10.0&amp;apos;, java.version: &amp;apos;23.0.1&amp;apos;
Driver info: org.openqa.selenium.chrome.ChromeDriver
Command: [0edde28d4a72b5fde9ddd1961c9f278c, clickElement {id=f.67C4548533F11A0090AA06BB3C7F97DA.d.06CE46CCD331B07B0DE3DB0F36BCAF39.e.16}]
Capabilities {acceptInsecureCerts: false, browserName: chrome, browserVersion: 132.0.6834.110, chrome: {chromedriverVersion: 132.0.6834.159 (2d77d3fc445..., userDataDir: C:\Users\VIVEK~1.NIT\AppDat...}, fedcm:accounts: true, goog:chromeOptions: {debuggerAddress: localhost:59696}, networkConnectionEnabled: false, pageLoadStrategy: normal, platformName: windows, proxy: Proxy(), se:cdp: ws://localhost:59696/devtoo..., se:cdpVersion: 132.0.6834.110, setWindowRect: true, strictFileInteractability: false, timeouts: {implicit: 0, pageLoad: 300000, script: 30000}, unhandledPromptBehavior: dismiss and notify, webauthn:extension:credBlob: true, webauthn:extension:largeBlob: true, webauthn:extension:minPinLength: true, webauthn:extension:prf: true, webauthn:virtualAuthenticators: true}
Element: [[ChromeDriver: chrome on windows (0edde28d4a72b5fde9ddd1961c9f278c)] -&amp;gt; xpath: //button[text()=&amp;apos;LOGIN&amp;apos;]]
Session ID: 0edde28d4a72b5fde9ddd1961c9f278c">
      <![CDATA[org.openqa.selenium.ElementClickInterceptedException: element click intercepted: Element <button _ngcontent-erw-c2="" class="btn btn-primary mt-3 loginCustomLoginBtnNew" type="submit">...</button> is not clickable at point (1239, 470). Other element would receive the click: <div _ngcontent-erw-c1="" class="ngx-overlay foreground-closing" style="background-color: rgba(40, 40, 40, 0.8); border-radius: 0px;">...</div>
  (Session info: chrome=132.0.6834.110)
Build info: version: '4.25.0', revision: '8a8aea2337'
System info: os.name: 'Windows 11', os.arch: 'amd64', os.version: '10.0', java.version: '23.0.1'
Driver info: org.openqa.selenium.chrome.ChromeDriver
Command: [0edde28d4a72b5fde9ddd1961c9f278c, clickElement {id=f.67C4548533F11A0090AA06BB3C7F97DA.d.06CE46CCD331B07B0DE3DB0F36BCAF39.e.16}]
Capabilities {acceptInsecureCerts: false, browserName: chrome, browserVersion: 132.0.6834.110, chrome: {chromedriverVersion: 132.0.6834.159 (2d77d3fc445..., userDataDir: C:\Users\VIVEK~1.NIT\AppDat...}, fedcm:accounts: true, goog:chromeOptions: {debuggerAddress: localhost:59696}, networkConnectionEnabled: false, pageLoadStrategy: normal, platformName: windows, proxy: Proxy(), se:cdp: ws://localhost:59696/devtoo..., se:cdpVersion: 132.0.6834.110, setWindowRect: true, strictFileInteractability: false, timeouts: {implicit: 0, pageLoad: 300000, script: 30000}, unhandledPromptBehavior: dismiss and notify, webauthn:extension:credBlob: true, webauthn:extension:largeBlob: true, webauthn:extension:minPinLength: true, webauthn:extension:prf: true, webauthn:virtualAuthenticators: true}
Element: [[ChromeDriver: chrome on windows (0edde28d4a72b5fde9ddd1961c9f278c)] -> xpath: //button[text()='LOGIN']]
Session ID: 0edde28d4a72b5fde9ddd1961c9f278c
at java.base/jdk.internal.reflect.DirectConstructorHandleAccessor.newInstance(DirectConstructorHandleAccessor.java:62)
at java.base/java.lang.reflect.Constructor.newInstanceWithCaller(Constructor.java:501)
at java.base/java.lang.reflect.Constructor.newInstance(Constructor.java:485)
at org.openqa.selenium.remote.ErrorCodec.decode(ErrorCodec.java:167)
at org.openqa.selenium.remote.codec.w3c.W3CHttpResponseCodec.decode(W3CHttpResponseCodec.java:138)
at org.openqa.selenium.remote.codec.w3c.W3CHttpResponseCodec.decode(W3CHttpResponseCodec.java:50)
at org.openqa.selenium.remote.HttpCommandExecutor.execute(HttpCommandExecutor.java:190)
at org.openqa.selenium.remote.service.DriverCommandExecutor.invokeExecute(DriverCommandExecutor.java:216)
at org.openqa.selenium.remote.service.DriverCommandExecutor.execute(DriverCommandExecutor.java:174)
at org.openqa.selenium.remote.RemoteWebDriver.execute(RemoteWebDriver.java:545)
at org.openqa.selenium.remote.RemoteWebElement.execute(RemoteWebElement.java:223)
at org.openqa.selenium.remote.RemoteWebElement.click(RemoteWebElement.java:76)
at java.base/jdk.internal.reflect.DirectMethodHandleAccessor.invoke(DirectMethodHandleAccessor.java:103)
at java.base/java.lang.reflect.Method.invoke(Method.java:580)
at org.openqa.selenium.support.pagefactory.internal.LocatingElementHandler.invoke(LocatingElementHandler.java:51)
at jdk.proxy2/jdk.proxy2.$Proxy27.click(Unknown Source)
at pom.login_Fail_pom.login_button(login_Fail_pom.java:99)
at steps.Login_fail.the_user_clicks_on_the_login_button(Login_fail.java:38)
at ✽.the user clicks on the login button(file:///C:/Users/vivek.nityo/git/New%20folder/Heathmonitaring/src/main/resources/feature/Login_Fail.feature:5)
]]>
    </failure>
  </testcase> <!-- runScenario -->
</testsuite> <!-- Default test -->
