<?xml version="1.0" encoding="UTF-8"?>
<!-- Generated by org.testng.reporters.JUnitXMLReporter -->
<testsuite ignored="0" hostname="MACMD770" failures="2" tests="2" name="Default test" time="8.924" errors="0" timestamp="2025-01-27T17:21:51 IST">
  <testcase classname="io.cucumber.testng.AbstractTestNGCucumberTests" name="runScenario" time="6.055">
    <failure type="io.cucumber.java.PendingException" message="TODO: implement me">
      <![CDATA[io.cucumber.java.PendingException: TODO: implement me
at steps.pledage_mstock.i_enter_a_mobile_number_and_click_on_the_button(pledage_mstock.java:44)
at ✽.I enter a mobile number and click on the "Open your demat account" button(file:///C:/Users/vivek.nityo/Downloads/HealthMonitoring/HealthMonitoring/src/main/resources/feature/pledage_mstock.feature:4)
]]>
    </failure>
  </testcase> <!-- runScenario -->
  <testcase classname="io.cucumber.testng.AbstractTestNGCucumberTests" name="runScenario" time="2.433">
    <failure type="io.cucumber.java.PendingException" message="TODO: implement me">
      <![CDATA[io.cucumber.java.PendingException: TODO: implement me
at steps.pledage_mstock.useron_the_brokerage_savings_page(pledage_mstock.java:120)
at ✽.Useron the brokerage-savings page.(file:///C:/Users/vivek.nityo/Downloads/HealthMonitoring/HealthMonitoring/src/main/resources/feature/pledage_mstock.feature:16)
]]>
    </failure>
  </testcase> <!-- runScenario -->
</testsuite> <!-- Default test -->
