<?xml version="1.0" encoding="UTF-8"?>
<testng-results ignored="0" total="10" passed="9" failed="1" skipped="0">
  <reporter-output>
    <line>
      <![CDATA[https://www.mstock.com/sem-landing/futures-and-options]]>
    </line>
    <line>
      <![CDATA[https://www.mstock.com/sem-landing/margin-trading]]>
    </line>
    <line>
      <![CDATA[https://www.mstock.com/sem-landing/zero-brokerage-on-delivery]]>
    </line>
  </reporter-output>
  <suite started-at="2025-01-28T17:16:00 IST" name="Default suite" finished-at="2025-01-28T17:18:02 IST" duration-ms="122773">
    <groups>
      <group name="cucumber">
        <method signature="AbstractTestNGCucumberTests.runScenario(io.cucumber.testng.PickleWrapper,io.cucumber.testng.FeatureWrapper)[pri:0, instance:runner.runner_zero@408d971b]" name="runScenario" class="io.cucumber.testng.AbstractTestNGCucumberTests"/>
      </group> <!-- cucumber -->
    </groups>
    <test started-at="2025-01-28T17:16:00 IST" name="Default test" finished-at="2025-01-28T17:18:02 IST" duration-ms="122773">
      <class name="runner.runner_zero">
        <test-method is-config="true" signature="setUpClass(org.testng.ITestContext)[pri:0, instance:runner.runner_zero@408d971b]" started-at="2025-01-28T17:16:00 IST" name="setUpClass" finished-at="2025-01-28T17:16:00 IST" duration-ms="361" status="PASS">
          <params>
            <param index="0">
              <value>
                <![CDATA[org.testng.TestRunner@65c5bf0e]]>
              </value>
            </param>
          </params>
          <reporter-output>
          </reporter-output>
        </test-method> <!-- setUpClass -->
        <test-method signature="runScenario(io.cucumber.testng.PickleWrapper,io.cucumber.testng.FeatureWrapper)[pri:0, instance:runner.runner_zero@408d971b]" started-at="2025-01-28T17:16:00 IST" name="runScenario" description="Runs Cucumber Scenarios" data-provider="scenarios" finished-at="2025-01-28T17:16:04 IST" duration-ms="3640" status="PASS">
          <params>
            <param index="0">
              <value>
                <![CDATA["Verify the brokerage-calculato page is loads successfully"]]>
              </value>
            </param>
            <param index="1">
              <value>
                <![CDATA["Verify Trading Account multiple page"]]>
              </value>
            </param>
          </params>
          <reporter-output>
          </reporter-output>
        </test-method> <!-- runScenario -->
        <test-method signature="runScenario(io.cucumber.testng.PickleWrapper,io.cucumber.testng.FeatureWrapper)[pri:0, instance:runner.runner_zero@408d971b]" started-at="2025-01-28T17:16:04 IST" name="runScenario" description="Runs Cucumber Scenarios" data-provider="scenarios" finished-at="2025-01-28T17:16:10 IST" duration-ms="6719" status="PASS">
          <params>
            <param index="0">
              <value>
                <![CDATA["Verify the equity-trading page loads successfully"]]>
              </value>
            </param>
            <param index="1">
              <value>
                <![CDATA["Verify Trading Account multiple page"]]>
              </value>
            </param>
          </params>
          <reporter-output>
          </reporter-output>
        </test-method> <!-- runScenario -->
        <test-method signature="runScenario(io.cucumber.testng.PickleWrapper,io.cucumber.testng.FeatureWrapper)[pri:0, instance:runner.runner_zero@408d971b]" started-at="2025-01-28T17:16:10 IST" name="runScenario" description="Runs Cucumber Scenarios" data-provider="scenarios" finished-at="2025-01-28T17:16:16 IST" duration-ms="6035" status="PASS">
          <params>
            <param index="0">
              <value>
                <![CDATA["Verify the IPO page loads successfully"]]>
              </value>
            </param>
            <param index="1">
              <value>
                <![CDATA["Verify Trading Account multiple page"]]>
              </value>
            </param>
          </params>
          <reporter-output>
          </reporter-output>
        </test-method> <!-- runScenario -->
        <test-method signature="runScenario(io.cucumber.testng.PickleWrapper,io.cucumber.testng.FeatureWrapper)[pri:0, instance:runner.runner_zero@408d971b]" started-at="2025-01-28T17:16:16 IST" name="runScenario" description="Runs Cucumber Scenarios" data-provider="scenarios" finished-at="2025-01-28T17:16:26 IST" duration-ms="9827" status="PASS">
          <params>
            <param index="0">
              <value>
                <![CDATA["Verify the Mstock videos page loads successfully"]]>
              </value>
            </param>
            <param index="1">
              <value>
                <![CDATA["Verify Trading Account multiple page"]]>
              </value>
            </param>
          </params>
          <reporter-output>
          </reporter-output>
        </test-method> <!-- runScenario -->
        <test-method signature="runScenario(io.cucumber.testng.PickleWrapper,io.cucumber.testng.FeatureWrapper)[pri:0, instance:runner.runner_zero@408d971b]" started-at="2025-01-28T17:16:26 IST" name="runScenario" description="Runs Cucumber Scenarios" data-provider="scenarios" finished-at="2025-01-28T17:16:29 IST" duration-ms="2997" status="PASS">
          <params>
            <param index="0">
              <value>
                <![CDATA["Verify the partner page loads successfully"]]>
              </value>
            </param>
            <param index="1">
              <value>
                <![CDATA["Verify Trading Account multiple page"]]>
              </value>
            </param>
          </params>
          <reporter-output>
          </reporter-output>
        </test-method> <!-- runScenario -->
        <test-method signature="runScenario(io.cucumber.testng.PickleWrapper,io.cucumber.testng.FeatureWrapper)[pri:0, instance:runner.runner_zero@408d971b]" started-at="2025-01-28T17:16:29 IST" name="runScenario" description="Runs Cucumber Scenarios" data-provider="scenarios" finished-at="2025-01-28T17:16:59 IST" duration-ms="29810" status="PASS">
          <params>
            <param index="0">
              <value>
                <![CDATA["Verify all aspects of the feature and options landing page"]]>
              </value>
            </param>
            <param index="1">
              <value>
                <![CDATA["verify the feature and options Landing page"]]>
              </value>
            </param>
          </params>
          <reporter-output>
            <line>
              <![CDATA[https://www.mstock.com/sem-landing/futures-and-options]]>
            </line>
          </reporter-output>
        </test-method> <!-- runScenario -->
        <test-method signature="runScenario(io.cucumber.testng.PickleWrapper,io.cucumber.testng.FeatureWrapper)[pri:0, instance:runner.runner_zero@408d971b]" started-at="2025-01-28T17:16:59 IST" name="runScenario" description="Runs Cucumber Scenarios" data-provider="scenarios" finished-at="2025-01-28T17:17:20 IST" duration-ms="21308" status="PASS">
          <params>
            <param index="0">
              <value>
                <![CDATA["Verify all aspects of the Margin trading landing page"]]>
              </value>
            </param>
            <param index="1">
              <value>
                <![CDATA["verify the Margin trading"]]>
              </value>
            </param>
          </params>
          <reporter-output>
            <line>
              <![CDATA[https://www.mstock.com/sem-landing/margin-trading]]>
            </line>
          </reporter-output>
        </test-method> <!-- runScenario -->
        <test-method signature="runScenario(io.cucumber.testng.PickleWrapper,io.cucumber.testng.FeatureWrapper)[pri:0, instance:runner.runner_zero@408d971b]" started-at="2025-01-28T17:17:20 IST" name="runScenario" description="Runs Cucumber Scenarios" data-provider="scenarios" finished-at="2025-01-28T17:17:31 IST" duration-ms="10222" status="PASS">
          <params>
            <param index="0">
              <value>
                <![CDATA["Verify the pledge-shares page loads successfully"]]>
              </value>
            </param>
            <param index="1">
              <value>
                <![CDATA["Verify the pledge mStock modules"]]>
              </value>
            </param>
          </params>
          <reporter-output>
          </reporter-output>
        </test-method> <!-- runScenario -->
        <test-method signature="runScenario(io.cucumber.testng.PickleWrapper,io.cucumber.testng.FeatureWrapper)[pri:0, instance:runner.runner_zero@408d971b]" started-at="2025-01-28T17:17:31 IST" name="runScenario" description="Runs Cucumber Scenarios" data-provider="scenarios" finished-at="2025-01-28T17:17:33 IST" duration-ms="2490" status="FAIL">
          <params>
            <param index="0">
              <value>
                <![CDATA["Verify the brokerage-savings page loads successfully."]]>
              </value>
            </param>
            <param index="1">
              <value>
                <![CDATA["Verify the pledge mStock modules"]]>
              </value>
            </param>
          </params>
          <exception class="io.cucumber.java.PendingException">
            <message>
              <![CDATA[TODO: implement me]]>
            </message>
            <full-stacktrace>
              <![CDATA[io.cucumber.java.PendingException: TODO: implement me
at steps.pledage_mstock.useron_the_brokerage_savings_page(pledage_mstock.java:123)
at ✽.Useron the brokerage-savings page.(file:///C:/Users/vivek.nityo/git/New%20folder/Heathmonitaring/src/main/resources/feature/pledage_mstock.feature:18)
]]>
            </full-stacktrace>
          </exception> <!-- io.cucumber.java.PendingException -->
          <reporter-output>
          </reporter-output>
        </test-method> <!-- runScenario -->
        <test-method signature="runScenario(io.cucumber.testng.PickleWrapper,io.cucumber.testng.FeatureWrapper)[pri:0, instance:runner.runner_zero@408d971b]" started-at="2025-01-28T17:17:33 IST" name="runScenario" description="Runs Cucumber Scenarios" data-provider="scenarios" finished-at="2025-01-28T17:18:02 IST" duration-ms="29266" status="PASS">
          <params>
            <param index="0">
              <value>
                <![CDATA["Verify all aspects of the zero brokage on delivery landing page"]]>
              </value>
            </param>
            <param index="1">
              <value>
                <![CDATA["verify the zero brokage on delivery"]]>
              </value>
            </param>
          </params>
          <reporter-output>
            <line>
              <![CDATA[https://www.mstock.com/sem-landing/zero-brokerage-on-delivery]]>
            </line>
          </reporter-output>
        </test-method> <!-- runScenario -->
        <test-method is-config="true" signature="tearDownClass()[pri:0, instance:runner.runner_zero@408d971b]" started-at="2025-01-28T17:18:02 IST" name="tearDownClass" finished-at="2025-01-28T17:18:02 IST" duration-ms="63" status="PASS">
          <reporter-output>
          </reporter-output>
        </test-method> <!-- tearDownClass -->
      </class> <!-- runner.runner_zero -->
    </test> <!-- Default test -->
  </suite> <!-- Default suite -->
</testng-results>
