<?xml version="1.0" encoding="UTF-8"?>
<testng-results ignored="0" total="2" passed="0" failed="2" skipped="0">
  <reporter-output>
  </reporter-output>
  <suite started-at="2025-01-27T17:21:42 IST" name="Default suite" finished-at="2025-01-27T17:21:51 IST" duration-ms="8924">
    <groups>
      <group name="cucumber">
        <method signature="AbstractTestNGCucumberTests.runScenario(io.cucumber.testng.PickleWrapper,io.cucumber.testng.FeatureWrapper)[pri:0, instance:runner.runner_zero@408d971b]" name="runScenario" class="io.cucumber.testng.AbstractTestNGCucumberTests"/>
      </group> <!-- cucumber -->
    </groups>
    <test started-at="2025-01-27T17:21:42 IST" name="Default test" finished-at="2025-01-27T17:21:51 IST" duration-ms="8924">
      <class name="runner.runner_zero">
        <test-method is-config="true" signature="setUpClass(org.testng.ITestContext)[pri:0, instance:runner.runner_zero@408d971b]" started-at="2025-01-27T17:21:42 IST" name="setUpClass" finished-at="2025-01-27T17:21:43 IST" duration-ms="340" status="PASS">
          <params>
            <param index="0">
              <value>
                <![CDATA[org.testng.TestRunner@367b22e5]]>
              </value>
            </param>
          </params>
          <reporter-output>
          </reporter-output>
        </test-method> <!-- setUpClass -->
        <test-method signature="runScenario(io.cucumber.testng.PickleWrapper,io.cucumber.testng.FeatureWrapper)[pri:0, instance:runner.runner_zero@408d971b]" started-at="2025-01-27T17:21:43 IST" name="runScenario" description="Runs Cucumber Scenarios" data-provider="scenarios" finished-at="2025-01-27T17:21:49 IST" duration-ms="6055" status="FAIL">
          <params>
            <param index="0">
              <value>
                <![CDATA["Verify the pledge-shares page loads successfully"]]>
              </value>
            </param>
            <param index="1">
              <value>
                <![CDATA["Verify the pledge mStock modules"]]>
              </value>
            </param>
          </params>
          <exception class="io.cucumber.java.PendingException">
            <message>
              <![CDATA[TODO: implement me]]>
            </message>
            <full-stacktrace>
              <![CDATA[io.cucumber.java.PendingException: TODO: implement me
at steps.pledage_mstock.i_enter_a_mobile_number_and_click_on_the_button(pledage_mstock.java:44)
at ✽.I enter a mobile number and click on the "Open your demat account" button(file:///C:/Users/vivek.nityo/Downloads/HealthMonitoring/HealthMonitoring/src/main/resources/feature/pledage_mstock.feature:4)
]]>
            </full-stacktrace>
          </exception> <!-- io.cucumber.java.PendingException -->
          <reporter-output>
          </reporter-output>
        </test-method> <!-- runScenario -->
        <test-method signature="runScenario(io.cucumber.testng.PickleWrapper,io.cucumber.testng.FeatureWrapper)[pri:0, instance:runner.runner_zero@408d971b]" started-at="2025-01-27T17:21:49 IST" name="runScenario" description="Runs Cucumber Scenarios" data-provider="scenarios" finished-at="2025-01-27T17:21:51 IST" duration-ms="2433" status="FAIL">
          <params>
            <param index="0">
              <value>
                <![CDATA["Verify the brokerage-savings page loads successfully."]]>
              </value>
            </param>
            <param index="1">
              <value>
                <![CDATA["Verify the pledge mStock modules"]]>
              </value>
            </param>
          </params>
          <exception class="io.cucumber.java.PendingException">
            <message>
              <![CDATA[TODO: implement me]]>
            </message>
            <full-stacktrace>
              <![CDATA[io.cucumber.java.PendingException: TODO: implement me
at steps.pledage_mstock.useron_the_brokerage_savings_page(pledage_mstock.java:120)
at ✽.Useron the brokerage-savings page.(file:///C:/Users/vivek.nityo/Downloads/HealthMonitoring/HealthMonitoring/src/main/resources/feature/pledage_mstock.feature:16)
]]>
            </full-stacktrace>
          </exception> <!-- io.cucumber.java.PendingException -->
          <reporter-output>
          </reporter-output>
        </test-method> <!-- runScenario -->
        <test-method is-config="true" signature="tearDownClass()[pri:0, instance:runner.runner_zero@408d971b]" started-at="2025-01-27T17:21:51 IST" name="tearDownClass" finished-at="2025-01-27T17:21:51 IST" duration-ms="64" status="PASS">
          <reporter-output>
          </reporter-output>
        </test-method> <!-- tearDownClass -->
      </class> <!-- runner.runner_zero -->
    </test> <!-- Default test -->
  </suite> <!-- Default suite -->
</testng-results>
