<?xml version="1.0" encoding="UTF-8"?>
<!-- Generated by org.testng.reporters.JUnitReportReporter -->
<testsuite hostname="MACMD770" failures="0" tests="18" name="runner.OnScreen" time="498.554" errors="1" timestamp="2025-02-06T16:00:06 IST" skipped="0">
  <testcase classname="runner.OnScreen" name="runScenario" time="49.423"/>
  <system-out/>
  <testcase classname="runner.OnScreen" name="runScenario" time="4.780"/>
  <system-out/>
  <testcase classname="runner.OnScreen" name="runScenario" time="18.489"/>
  <system-out/>
  <testcase classname="runner.OnScreen" name="runScenario" time="4.587"/>
  <system-out/>
  <testcase classname="runner.OnScreen" name="runScenario" time="9.321"/>
  <system-out/>
  <testcase classname="runner.OnScreen" name="runScenario" time="8.304"/>
  <system-out/>
  <testcase classname="runner.OnScreen" name="runScenario" time="39.748"/>
  <system-out>
    <![CDATA[https://www.mstock.com/sem-landing/futures-and-options]]>
  </system-out>
  <testcase classname="runner.OnScreen" name="runScenario" time="12.327"/>
  <system-out/>
  <testcase classname="runner.OnScreen" name="runScenario" time="31.189"/>
  <system-out>
    <![CDATA[https://www.mstock.com/sem-landing/zero-brokerage-on-delivery]]>
  </system-out>
  <testcase classname="runner.OnScreen" name="runScenario" time="64.029"/>
  <system-out/>
  <testcase classname="runner.OnScreen" name="runScenario" time="18.094"/>
  <system-out/>
  <testcase classname="runner.OnScreen" name="runScenario" time="49.632"/>
  <system-out/>
  <testcase classname="runner.OnScreen" name="runScenario" time="11.285"/>
  <system-out/>
  <testcase classname="runner.OnScreen" name="runScenario" time="71.419"/>
  <system-out/>
  <testcase classname="runner.OnScreen" name="runScenario" time="50.636"/>
  <system-out/>
  <testcase classname="runner.OnScreen" name="runScenario" time="16.802">
    <error message="element click intercepted: Element &lt;button _ngcontent-lot-c2=&quot;&quot; class=&quot;btn btn-primary mt-3 loginCustomLoginBtnNew&quot; type=&quot;submit&quot;&gt;...&lt;/button&gt; is not clickable at point (1239, 470). Other element would receive the click: &lt;div _ngcontent-lot-c1=&quot;&quot; class=&quot;ngx-overlay foreground-closing&quot; style=&quot;background-color: rgba(40, 40, 40, 0.8); border-radius: 0px;&quot;&gt;...&lt;/div&gt;
  (Session info: chrome=132.0.6834.110)
Build info: version: &#039;4.25.0&#039;, revision: &#039;8a8aea2337&#039;
System info: os.name: &#039;Windows 11&#039;, os.arch: &#039;amd64&#039;, os.version: &#039;10.0&#039;, java.version: &#039;23.0.1&#039;
Driver info: org.openqa.selenium.chrome.ChromeDriver
Command: [66074bd1e4113c0daeb62b6e44ae7911, clickElement {id=f.491B7258FDFEA797D99201EF692EC173.d.A7A8B6ACC738F41AB4B533F9147E38A5.e.16}]
Capabilities {acceptInsecureCerts: false, browserName: chrome, browserVersion: 132.0.6834.110, chrome: {chromedriverVersion: 132.0.6834.159 (2d77d3fc445..., userDataDir: C:\Users\VIVEK~1.NIT\AppDat...}, fedcm:accounts: true, goog:chromeOptions: {debuggerAddress: localhost:55608}, networkConnectionEnabled: false, pageLoadStrategy: normal, platformName: windows, proxy: Proxy(), se:cdp: ws://localhost:55608/devtoo..., se:cdpVersion: 132.0.6834.110, setWindowRect: true, strictFileInteractability: false, timeouts: {implicit: 0, pageLoad: 300000, script: 30000}, unhandledPromptBehavior: dismiss and notify, webauthn:extension:credBlob: true, webauthn:extension:largeBlob: true, webauthn:extension:minPinLength: true, webauthn:extension:prf: true, webauthn:virtualAuthenticators: true}
Element: [[ChromeDriver: chrome on windows (66074bd1e4113c0daeb62b6e44ae7911)] -&gt; xpath: //button[text()=&#039;LOGIN&#039;]]
Session ID: 66074bd1e4113c0daeb62b6e44ae7911" type="org.openqa.selenium.ElementClickInterceptedException">
      <![CDATA[org.openqa.selenium.ElementClickInterceptedException: element click intercepted: Element <button _ngcontent-lot-c2="" class="btn btn-primary mt-3 loginCustomLoginBtnNew" type="submit">...</button> is not clickable at point (1239, 470). Other element would receive the click: <div _ngcontent-lot-c1="" class="ngx-overlay foreground-closing" style="background-color: rgba(40, 40, 40, 0.8); border-radius: 0px;">...</div>
  (Session info: chrome=132.0.6834.110)
Build info: version: '4.25.0', revision: '8a8aea2337'
System info: os.name: 'Windows 11', os.arch: 'amd64', os.version: '10.0', java.version: '23.0.1'
Driver info: org.openqa.selenium.chrome.ChromeDriver
Command: [66074bd1e4113c0daeb62b6e44ae7911, clickElement {id=f.491B7258FDFEA797D99201EF692EC173.d.A7A8B6ACC738F41AB4B533F9147E38A5.e.16}]
Capabilities {acceptInsecureCerts: false, browserName: chrome, browserVersion: 132.0.6834.110, chrome: {chromedriverVersion: 132.0.6834.159 (2d77d3fc445..., userDataDir: C:\Users\VIVEK~1.NIT\AppDat...}, fedcm:accounts: true, goog:chromeOptions: {debuggerAddress: localhost:55608}, networkConnectionEnabled: false, pageLoadStrategy: normal, platformName: windows, proxy: Proxy(), se:cdp: ws://localhost:55608/devtoo..., se:cdpVersion: 132.0.6834.110, setWindowRect: true, strictFileInteractability: false, timeouts: {implicit: 0, pageLoad: 300000, script: 30000}, unhandledPromptBehavior: dismiss and notify, webauthn:extension:credBlob: true, webauthn:extension:largeBlob: true, webauthn:extension:minPinLength: true, webauthn:extension:prf: true, webauthn:virtualAuthenticators: true}
Element: [[ChromeDriver: chrome on windows (66074bd1e4113c0daeb62b6e44ae7911)] -> xpath: //button[text()='LOGIN']]
Session ID: 66074bd1e4113c0daeb62b6e44ae7911
at java.base/jdk.internal.reflect.DirectConstructorHandleAccessor.newInstance(DirectConstructorHandleAccessor.java:62)
at java.base/java.lang.reflect.Constructor.newInstanceWithCaller(Constructor.java:501)
at java.base/java.lang.reflect.Constructor.newInstance(Constructor.java:485)
at org.openqa.selenium.remote.ErrorCodec.decode(ErrorCodec.java:167)
at org.openqa.selenium.remote.codec.w3c.W3CHttpResponseCodec.decode(W3CHttpResponseCodec.java:138)
at org.openqa.selenium.remote.codec.w3c.W3CHttpResponseCodec.decode(W3CHttpResponseCodec.java:50)
at org.openqa.selenium.remote.HttpCommandExecutor.execute(HttpCommandExecutor.java:190)
at org.openqa.selenium.remote.service.DriverCommandExecutor.invokeExecute(DriverCommandExecutor.java:216)
at org.openqa.selenium.remote.service.DriverCommandExecutor.execute(DriverCommandExecutor.java:174)
at org.openqa.selenium.remote.RemoteWebDriver.execute(RemoteWebDriver.java:545)
at org.openqa.selenium.remote.RemoteWebElement.execute(RemoteWebElement.java:223)
at org.openqa.selenium.remote.RemoteWebElement.click(RemoteWebElement.java:76)
at java.base/jdk.internal.reflect.DirectMethodHandleAccessor.invoke(DirectMethodHandleAccessor.java:103)
at java.base/java.lang.reflect.Method.invoke(Method.java:580)
at org.openqa.selenium.support.pagefactory.internal.LocatingElementHandler.invoke(LocatingElementHandler.java:51)
at jdk.proxy2/jdk.proxy2.$Proxy27.click(Unknown Source)
at pom.login_Fail_pom.login_button(login_Fail_pom.java:99)
at steps.Login_fail.the_user_clicks_on_the_login_button(Login_fail.java:38)
at ✽.the user clicks on the login button(file:///C:/Users/vivek.nityo/git/New%20folder/Heathmonitaring/src/main/resources/feature/Login_Fail.feature:5)
]]>
    </error>
  </testcase> <!-- runScenario -->
  <system-out/>
  <testcase classname="runner.OnScreen" name="runScenario" time="4.927"/>
  <system-out/>
  <testcase classname="runner.OnScreen" name="runScenario" time="33.562"/>
  <system-out>
    <![CDATA[https://www.mstock.com/sem-landing/margin-trading]]>
  </system-out>
</testsuite> <!-- runner.OnScreen -->
