<?xml version="1.0" encoding="UTF-8"?>
<!-- Generated by org.testng.reporters.JUnitReportReporter -->
<testsuite hostname="MACMD770" failures="0" tests="10" name="runner.runner_zero" time="122.314" errors="1" timestamp="2025-01-28T17:18:03 IST" skipped="0">
  <testcase classname="runner.runner_zero" name="runScenario" time="6.035"/>
  <system-out/>
  <testcase classname="runner.runner_zero" name="runScenario" time="29.266"/>
  <system-out>
    <![CDATA[https://www.mstock.com/sem-landing/zero-brokerage-on-delivery]]>
  </system-out>
  <testcase classname="runner.runner_zero" name="runScenario" time="9.827"/>
  <system-out/>
  <testcase classname="runner.runner_zero" name="runScenario" time="2.997"/>
  <system-out/>
  <testcase classname="runner.runner_zero" name="runScenario" time="10.222"/>
  <system-out/>
  <testcase classname="runner.runner_zero" name="runScenario" time="29.810"/>
  <system-out>
    <![CDATA[https://www.mstock.com/sem-landing/futures-and-options]]>
  </system-out>
  <testcase classname="runner.runner_zero" name="runScenario" time="6.719"/>
  <system-out/>
  <testcase classname="runner.runner_zero" name="runScenario" time="2.490">
    <error message="TODO: implement me" type="io.cucumber.java.PendingException">
      <![CDATA[io.cucumber.java.PendingException: TODO: implement me
at steps.pledage_mstock.useron_the_brokerage_savings_page(pledage_mstock.java:123)
at ✽.Useron the brokerage-savings page.(file:///C:/Users/vivek.nityo/git/New%20folder/Heathmonitaring/src/main/resources/feature/pledage_mstock.feature:18)
]]>
    </error>
  </testcase> <!-- runScenario -->
  <system-out/>
  <testcase classname="runner.runner_zero" name="runScenario" time="3.640"/>
  <system-out/>
  <testcase classname="runner.runner_zero" name="runScenario" time="21.308"/>
  <system-out>
    <![CDATA[https://www.mstock.com/sem-landing/margin-trading]]>
  </system-out>
</testsuite> <!-- runner.runner_zero -->
